Constructors
  </sw/share/mizar/prel/h/hidden.dco
  <prel/ckb3.dco
  <prel/ckb4.dco
  The list of all imported constructors
      M   L   V   R   K   U   G
   +HIDDEN
     +1          +2            
      1   0   0   2   0   0   0
   +CKB3
                     +1        
      1   0   0   2   1   0   0
   +CKB4
                     +1        
      1   0   0   2   2   0   0
Requirements
  </sw/share/mizar/prel/h/hidden.dre
Registrations
Notations
  </sw/share/mizar/prel/h/hidden.dno
  <prel/ckb3.dno
  <prel/ckb4.dno
