Constructors
  </sw/share/mizar/prel/h/hidden.dco
  <prel/ckb7.dco
  <prel/ckb14.dco
  The list of all imported constructors
      M   L   V   R   K   U   G
   +HIDDEN
     +1          +2            
      1   0   0   2   0   0   0
   +CKB7
                 +1            
      1   0   0   3   0   0   0
   +CKB14
                 +1            
      1   0   0   4   0   0   0
Requirements
  </sw/share/mizar/prel/h/hidden.dre
Registrations
Notations
  </sw/share/mizar/prel/h/hidden.dno
  <prel/ckb7.dno
  <prel/ckb14.dno
