Constructors
  </mnt/sdb3/alama/7.11.07_4.156.1112/prel/h/hidden.dco
  <prel/tarski4.dco
  <prel/tarski9.dco
  The list of all imported constructors
      M   L   V   R   K   U   G
   +HIDDEN
     +1          +2            
      1   0   0   2   0   0   0
   +TARSKI4
                 +1            
      1   0   0   3   0   0   0
   +TARSKI9
                 +1            
      1   0   0   4   0   0   0
Requirements
  </mnt/sdb3/alama/7.11.07_4.156.1112/prel/h/hidden.dre
Registrations
Notations
  </mnt/sdb3/alama/7.11.07_4.156.1112/prel/h/hidden.dno
  <prel/tarski4.dno
  <prel/tarski9.dno
